{"D:\\LIM012-fe-md-links\\src\\index.js": {"path":"D:\\LIM012-fe-md-links\\src\\index.js","statementMap":{"0":{"start":{"line":13,"column":4},"end":{"line":13,"column":25}},"1":{"start":{"line":16,"column":16},"end":{"line":32,"column":2}},"2":{"start":{"line":16,"column":35},"end":{"line":32,"column":2}},"3":{"start":{"line":17,"column":23},"end":{"line":17,"column":46}},"4":{"start":{"line":18,"column":27},"end":{"line":18,"column":55}},"5":{"start":{"line":19,"column":26},"end":{"line":19,"column":54}},"6":{"start":{"line":21,"column":2},"end":{"line":31,"column":3}},"7":{"start":{"line":22,"column":4},"end":{"line":25,"column":7}},"8":{"start":{"line":23,"column":26},"end":{"line":23,"column":48}},"9":{"start":{"line":24,"column":6},"end":{"line":24,"column":27}},"10":{"start":{"line":27,"column":4},"end":{"line":30,"column":7}},"11":{"start":{"line":28,"column":26},"end":{"line":28,"column":42}},"12":{"start":{"line":29,"column":6},"end":{"line":29,"column":27}},"13":{"start":{"line":36,"column":0},"end":{"line":38,"column":2}}},"fnMap":{"0":{"name":"(anonymous_0)","decl":{"start":{"line":16,"column":16},"end":{"line":16,"column":17}},"loc":{"start":{"line":16,"column":35},"end":{"line":32,"column":2}},"line":16},"1":{"name":"(anonymous_1)","decl":{"start":{"line":16,"column":47},"end":{"line":16,"column":48}},"loc":{"start":{"line":16,"column":60},"end":{"line":32,"column":1}},"line":16},"2":{"name":"(anonymous_2)","decl":{"start":{"line":22,"column":28},"end":{"line":22,"column":29}},"loc":{"start":{"line":22,"column":41},"end":{"line":25,"column":5}},"line":22},"3":{"name":"(anonymous_3)","decl":{"start":{"line":27,"column":28},"end":{"line":27,"column":29}},"loc":{"start":{"line":27,"column":41},"end":{"line":30,"column":5}},"line":27}},"branchMap":{"0":{"loc":{"start":{"line":21,"column":2},"end":{"line":31,"column":3}},"type":"if","locations":[{"start":{"line":21,"column":2},"end":{"line":31,"column":3}},{"start":{"line":21,"column":2},"end":{"line":31,"column":3}}],"line":21}},"s":{"0":1,"1":1,"2":2,"3":2,"4":2,"5":2,"6":2,"7":1,"8":1,"9":1,"10":1,"11":1,"12":1,"13":1},"f":{"0":2,"1":2,"2":1,"3":1},"b":{"0":[1,1]},"_coverageSchema":"1a1c01bbd47fc00a2c39e90264f33305004495a9","hash":"b6df9a82bb6d55900cb6158e7ad5c33d0b607496"}
,"D:\\LIM012-fe-md-links\\src\\stats.js": {"path":"D:\\LIM012-fe-md-links\\src\\stats.js","statementMap":{"0":{"start":{"line":2,"column":19},"end":{"line":6,"column":1}},"1":{"start":{"line":3,"column":21},"end":{"line":3,"column":36}},"2":{"start":{"line":4,"column":22},"end":{"line":4,"column":78}},"3":{"start":{"line":4,"column":58},"end":{"line":4,"column":68}},"4":{"start":{"line":5,"column":2},"end":{"line":5,"column":52}},"5":{"start":{"line":10,"column":22},"end":{"line":16,"column":1}},"6":{"start":{"line":11,"column":21},"end":{"line":11,"column":36}},"7":{"start":{"line":13,"column":22},"end":{"line":13,"column":78}},"8":{"start":{"line":13,"column":58},"end":{"line":13,"column":68}},"9":{"start":{"line":14,"column":22},"end":{"line":14,"column":88}},"10":{"start":{"line":14,"column":51},"end":{"line":14,"column":80}},"11":{"start":{"line":15,"column":2},"end":{"line":15,"column":73}},"12":{"start":{"line":26,"column":0},"end":{"line":29,"column":2}}},"fnMap":{"0":{"name":"(anonymous_0)","decl":{"start":{"line":2,"column":19},"end":{"line":2,"column":20}},"loc":{"start":{"line":2,"column":33},"end":{"line":6,"column":1}},"line":2},"1":{"name":"(anonymous_1)","decl":{"start":{"line":4,"column":47},"end":{"line":4,"column":48}},"loc":{"start":{"line":4,"column":58},"end":{"line":4,"column":68}},"line":4},"2":{"name":"(anonymous_2)","decl":{"start":{"line":10,"column":22},"end":{"line":10,"column":23}},"loc":{"start":{"line":10,"column":36},"end":{"line":16,"column":1}},"line":10},"3":{"name":"(anonymous_3)","decl":{"start":{"line":13,"column":47},"end":{"line":13,"column":48}},"loc":{"start":{"line":13,"column":58},"end":{"line":13,"column":68}},"line":13},"4":{"name":"(anonymous_4)","decl":{"start":{"line":14,"column":38},"end":{"line":14,"column":39}},"loc":{"start":{"line":14,"column":51},"end":{"line":14,"column":80}},"line":14}},"branchMap":{},"s":{"0":1,"1":1,"2":1,"3":3,"4":1,"5":1,"6":1,"7":1,"8":3,"9":1,"10":3,"11":1,"12":1},"f":{"0":1,"1":3,"2":1,"3":3,"4":3},"b":{},"_coverageSchema":"1a1c01bbd47fc00a2c39e90264f33305004495a9","hash":"6423ba22f0c4015980ac1a87d21166c401ae3830"}
,"D:\\LIM012-fe-md-links\\src\\utils.js": {"path":"D:\\LIM012-fe-md-links\\src\\utils.js","statementMap":{"0":{"start":{"line":2,"column":13},"end":{"line":2,"column":28}},"1":{"start":{"line":3,"column":11},"end":{"line":3,"column":24}},"2":{"start":{"line":4,"column":14},"end":{"line":4,"column":35}},"3":{"start":{"line":7,"column":23},"end":{"line":7,"column":62}},"4":{"start":{"line":7,"column":37},"end":{"line":7,"column":62}},"5":{"start":{"line":10,"column":26},"end":{"line":10,"column":102}},"6":{"start":{"line":10,"column":41},"end":{"line":10,"column":101}},"7":{"start":{"line":13,"column":15},"end":{"line":13,"column":59}},"8":{"start":{"line":13,"column":29},"end":{"line":13,"column":59}},"9":{"start":{"line":16,"column":20},"end":{"line":16,"column":69}},"10":{"start":{"line":16,"column":34},"end":{"line":16,"column":69}},"11":{"start":{"line":19,"column":23},"end":{"line":37,"column":1}},"12":{"start":{"line":20,"column":18},"end":{"line":20,"column":20}},"13":{"start":{"line":22,"column":2},"end":{"line":35,"column":3}},"14":{"start":{"line":24,"column":4},"end":{"line":24,"column":29}},"15":{"start":{"line":27,"column":26},"end":{"line":27,"column":50}},"16":{"start":{"line":29,"column":4},"end":{"line":34,"column":7}},"17":{"start":{"line":31,"column":22},"end":{"line":31,"column":46}},"18":{"start":{"line":32,"column":21},"end":{"line":32,"column":125}},"19":{"start":{"line":33,"column":6},"end":{"line":33,"column":20}},"20":{"start":{"line":36,"column":2},"end":{"line":36,"column":19}},"21":{"start":{"line":40,"column":13},"end":{"line":40,"column":61}},"22":{"start":{"line":40,"column":28},"end":{"line":40,"column":60}},"23":{"start":{"line":44,"column":19},"end":{"line":52,"column":1}},"24":{"start":{"line":45,"column":20},"end":{"line":45,"column":22}},"25":{"start":{"line":46,"column":2},"end":{"line":50,"column":5}},"26":{"start":{"line":47,"column":4},"end":{"line":49,"column":5}},"27":{"start":{"line":48,"column":6},"end":{"line":48,"column":30}},"28":{"start":{"line":51,"column":2},"end":{"line":51,"column":19}},"29":{"start":{"line":55,"column":16},"end":{"line":74,"column":1}},"30":{"start":{"line":56,"column":15},"end":{"line":56,"column":46}},"31":{"start":{"line":57,"column":19},"end":{"line":57,"column":34}},"32":{"start":{"line":58,"column":17},"end":{"line":58,"column":113}},"33":{"start":{"line":59,"column":22},"end":{"line":59,"column":87}},"34":{"start":{"line":60,"column":16},"end":{"line":60,"column":38}},"35":{"start":{"line":61,"column":15},"end":{"line":61,"column":42}},"36":{"start":{"line":62,"column":15},"end":{"line":62,"column":17}},"37":{"start":{"line":63,"column":2},"end":{"line":72,"column":3}},"38":{"start":{"line":64,"column":4},"end":{"line":71,"column":5}},"39":{"start":{"line":64,"column":17},"end":{"line":64,"column":18}},"40":{"start":{"line":65,"column":26},"end":{"line":69,"column":7}},"41":{"start":{"line":70,"column":6},"end":{"line":70,"column":29}},"42":{"start":{"line":73,"column":2},"end":{"line":73,"column":14}},"43":{"start":{"line":78,"column":22},"end":{"line":102,"column":1}},"44":{"start":{"line":79,"column":19},"end":{"line":79,"column":34}},"45":{"start":{"line":80,"column":23},"end":{"line":100,"column":8}},"46":{"start":{"line":80,"column":43},"end":{"line":100,"column":7}},"47":{"start":{"line":80,"column":68},"end":{"line":100,"column":6}},"48":{"start":{"line":82,"column":6},"end":{"line":82,"column":33}},"49":{"start":{"line":83,"column":6},"end":{"line":85,"column":7}},"50":{"start":{"line":84,"column":8},"end":{"line":84,"column":28}},"51":{"start":{"line":86,"column":6},"end":{"line":88,"column":7}},"52":{"start":{"line":87,"column":8},"end":{"line":87,"column":30}},"53":{"start":{"line":89,"column":6},"end":{"line":89,"column":17}},"54":{"start":{"line":97,"column":6},"end":{"line":97,"column":21}},"55":{"start":{"line":98,"column":6},"end":{"line":98,"column":28}},"56":{"start":{"line":99,"column":6},"end":{"line":99,"column":17}},"57":{"start":{"line":101,"column":2},"end":{"line":101,"column":35}},"58":{"start":{"line":105,"column":0},"end":{"line":115,"column":2}}},"fnMap":{"0":{"name":"(anonymous_0)","decl":{"start":{"line":7,"column":23},"end":{"line":7,"column":24}},"loc":{"start":{"line":7,"column":37},"end":{"line":7,"column":62}},"line":7},"1":{"name":"(anonymous_1)","decl":{"start":{"line":10,"column":26},"end":{"line":10,"column":27}},"loc":{"start":{"line":10,"column":41},"end":{"line":10,"column":101}},"line":10},"2":{"name":"(anonymous_2)","decl":{"start":{"line":13,"column":15},"end":{"line":13,"column":16}},"loc":{"start":{"line":13,"column":29},"end":{"line":13,"column":59}},"line":13},"3":{"name":"(anonymous_3)","decl":{"start":{"line":16,"column":20},"end":{"line":16,"column":21}},"loc":{"start":{"line":16,"column":34},"end":{"line":16,"column":69}},"line":16},"4":{"name":"(anonymous_4)","decl":{"start":{"line":19,"column":23},"end":{"line":19,"column":24}},"loc":{"start":{"line":19,"column":37},"end":{"line":37,"column":1}},"line":19},"5":{"name":"(anonymous_5)","decl":{"start":{"line":29,"column":22},"end":{"line":29,"column":23}},"loc":{"start":{"line":29,"column":31},"end":{"line":34,"column":5}},"line":29},"6":{"name":"(anonymous_6)","decl":{"start":{"line":40,"column":13},"end":{"line":40,"column":14}},"loc":{"start":{"line":40,"column":28},"end":{"line":40,"column":60}},"line":40},"7":{"name":"(anonymous_7)","decl":{"start":{"line":44,"column":19},"end":{"line":44,"column":20}},"loc":{"start":{"line":44,"column":33},"end":{"line":52,"column":1}},"line":44},"8":{"name":"(anonymous_8)","decl":{"start":{"line":46,"column":19},"end":{"line":46,"column":20}},"loc":{"start":{"line":46,"column":32},"end":{"line":50,"column":3}},"line":46},"9":{"name":"(anonymous_9)","decl":{"start":{"line":55,"column":16},"end":{"line":55,"column":17}},"loc":{"start":{"line":55,"column":28},"end":{"line":74,"column":1}},"line":55},"10":{"name":"(anonymous_10)","decl":{"start":{"line":78,"column":22},"end":{"line":78,"column":23}},"loc":{"start":{"line":78,"column":34},"end":{"line":102,"column":1}},"line":78},"11":{"name":"(anonymous_11)","decl":{"start":{"line":80,"column":36},"end":{"line":80,"column":37}},"loc":{"start":{"line":80,"column":43},"end":{"line":100,"column":7}},"line":80},"12":{"name":"(anonymous_12)","decl":{"start":{"line":80,"column":55},"end":{"line":80,"column":56}},"loc":{"start":{"line":80,"column":68},"end":{"line":100,"column":6}},"line":80},"13":{"name":"(anonymous_13)","decl":{"start":{"line":81,"column":10},"end":{"line":81,"column":11}},"loc":{"start":{"line":81,"column":24},"end":{"line":90,"column":5}},"line":81},"14":{"name":"(anonymous_14)","decl":{"start":{"line":96,"column":11},"end":{"line":96,"column":12}},"loc":{"start":{"line":96,"column":17},"end":{"line":100,"column":5}},"line":96}},"branchMap":{"0":{"loc":{"start":{"line":10,"column":41},"end":{"line":10,"column":101}},"type":"cond-expr","locations":[{"start":{"line":10,"column":68},"end":{"line":10,"column":76}},{"start":{"line":10,"column":79},"end":{"line":10,"column":101}}],"line":10},"1":{"loc":{"start":{"line":22,"column":2},"end":{"line":35,"column":3}},"type":"if","locations":[{"start":{"line":22,"column":2},"end":{"line":35,"column":3}},{"start":{"line":22,"column":2},"end":{"line":35,"column":3}}],"line":22},"2":{"loc":{"start":{"line":32,"column":21},"end":{"line":32,"column":125}},"type":"cond-expr","locations":[{"start":{"line":32,"column":46},"end":{"line":32,"column":99}},{"start":{"line":32,"column":102},"end":{"line":32,"column":125}}],"line":32},"3":{"loc":{"start":{"line":47,"column":4},"end":{"line":49,"column":5}},"type":"if","locations":[{"start":{"line":47,"column":4},"end":{"line":49,"column":5}},{"start":{"line":47,"column":4},"end":{"line":49,"column":5}}],"line":47},"4":{"loc":{"start":{"line":63,"column":2},"end":{"line":72,"column":3}},"type":"if","locations":[{"start":{"line":63,"column":2},"end":{"line":72,"column":3}},{"start":{"line":63,"column":2},"end":{"line":72,"column":3}}],"line":63},"5":{"loc":{"start":{"line":83,"column":6},"end":{"line":85,"column":7}},"type":"if","locations":[{"start":{"line":83,"column":6},"end":{"line":85,"column":7}},{"start":{"line":83,"column":6},"end":{"line":85,"column":7}}],"line":83},"6":{"loc":{"start":{"line":83,"column":10},"end":{"line":83,"column":57}},"type":"binary-expr","locations":[{"start":{"line":83,"column":10},"end":{"line":83,"column":32}},{"start":{"line":83,"column":36},"end":{"line":83,"column":57}}],"line":83},"7":{"loc":{"start":{"line":86,"column":6},"end":{"line":88,"column":7}},"type":"if","locations":[{"start":{"line":86,"column":6},"end":{"line":88,"column":7}},{"start":{"line":86,"column":6},"end":{"line":88,"column":7}}],"line":86}},"s":{"0":2,"1":2,"2":2,"3":2,"4":6,"5":2,"6":4,"7":2,"8":2,"9":2,"10":12,"11":2,"12":5,"13":5,"14":3,"15":2,"16":2,"17":5,"18":5,"19":5,"20":5,"21":2,"22":2,"23":2,"24":3,"25":3,"26":5,"27":4,"28":3,"29":2,"30":5,"31":5,"32":5,"33":5,"34":5,"35":5,"36":5,"37":5,"38":4,"39":4,"40":12,"41":12,"42":5,"43":2,"44":2,"45":2,"46":6,"47":6,"48":6,"49":6,"50":2,"51":6,"52":4,"53":6,"54":0,"55":0,"56":0,"57":2,"58":2},"f":{"0":6,"1":4,"2":2,"3":12,"4":5,"5":5,"6":2,"7":3,"8":5,"9":5,"10":2,"11":6,"12":6,"13":6,"14":0},"b":{"0":[3,1],"1":[3,2],"2":[1,4],"3":[4,1],"4":[4,1],"5":[2,4],"6":[6,6],"7":[4,2]},"_coverageSchema":"1a1c01bbd47fc00a2c39e90264f33305004495a9","hash":"6fa4322bc8c4772fc1aa7e319cb2658dc793fba0"}
}
