{"D:\\LIM012-fe-md-links\\src\\utils.js": {"path":"D:\\LIM012-fe-md-links\\src\\utils.js","statementMap":{"0":{"start":{"line":2,"column":13},"end":{"line":2,"column":28}},"1":{"start":{"line":3,"column":11},"end":{"line":3,"column":24}},"2":{"start":{"line":4,"column":14},"end":{"line":4,"column":35}},"3":{"start":{"line":7,"column":23},"end":{"line":7,"column":62}},"4":{"start":{"line":7,"column":37},"end":{"line":7,"column":62}},"5":{"start":{"line":10,"column":26},"end":{"line":10,"column":102}},"6":{"start":{"line":10,"column":41},"end":{"line":10,"column":101}},"7":{"start":{"line":13,"column":15},"end":{"line":13,"column":59}},"8":{"start":{"line":13,"column":29},"end":{"line":13,"column":59}},"9":{"start":{"line":16,"column":20},"end":{"line":16,"column":69}},"10":{"start":{"line":16,"column":34},"end":{"line":16,"column":69}},"11":{"start":{"line":20,"column":23},"end":{"line":38,"column":1}},"12":{"start":{"line":21,"column":18},"end":{"line":21,"column":20}},"13":{"start":{"line":23,"column":2},"end":{"line":36,"column":3}},"14":{"start":{"line":25,"column":4},"end":{"line":25,"column":29}},"15":{"start":{"line":28,"column":26},"end":{"line":28,"column":50}},"16":{"start":{"line":30,"column":4},"end":{"line":35,"column":7}},"17":{"start":{"line":32,"column":22},"end":{"line":32,"column":46}},"18":{"start":{"line":33,"column":21},"end":{"line":33,"column":125}},"19":{"start":{"line":34,"column":6},"end":{"line":34,"column":20}},"20":{"start":{"line":37,"column":2},"end":{"line":37,"column":19}},"21":{"start":{"line":41,"column":13},"end":{"line":41,"column":61}},"22":{"start":{"line":41,"column":28},"end":{"line":41,"column":60}},"23":{"start":{"line":45,"column":19},"end":{"line":53,"column":1}},"24":{"start":{"line":46,"column":20},"end":{"line":46,"column":22}},"25":{"start":{"line":47,"column":2},"end":{"line":51,"column":5}},"26":{"start":{"line":48,"column":4},"end":{"line":50,"column":5}},"27":{"start":{"line":49,"column":6},"end":{"line":49,"column":30}},"28":{"start":{"line":52,"column":2},"end":{"line":52,"column":19}},"29":{"start":{"line":57,"column":16},"end":{"line":76,"column":1}},"30":{"start":{"line":58,"column":15},"end":{"line":58,"column":46}},"31":{"start":{"line":59,"column":19},"end":{"line":59,"column":34}},"32":{"start":{"line":60,"column":17},"end":{"line":60,"column":113}},"33":{"start":{"line":61,"column":22},"end":{"line":61,"column":87}},"34":{"start":{"line":62,"column":16},"end":{"line":62,"column":38}},"35":{"start":{"line":63,"column":15},"end":{"line":63,"column":42}},"36":{"start":{"line":64,"column":15},"end":{"line":64,"column":17}},"37":{"start":{"line":65,"column":2},"end":{"line":74,"column":3}},"38":{"start":{"line":66,"column":4},"end":{"line":73,"column":5}},"39":{"start":{"line":66,"column":17},"end":{"line":66,"column":18}},"40":{"start":{"line":67,"column":26},"end":{"line":71,"column":7}},"41":{"start":{"line":72,"column":6},"end":{"line":72,"column":29}},"42":{"start":{"line":75,"column":2},"end":{"line":75,"column":14}},"43":{"start":{"line":80,"column":22},"end":{"line":104,"column":1}},"44":{"start":{"line":81,"column":19},"end":{"line":81,"column":34}},"45":{"start":{"line":82,"column":23},"end":{"line":102,"column":8}},"46":{"start":{"line":82,"column":43},"end":{"line":102,"column":7}},"47":{"start":{"line":82,"column":68},"end":{"line":102,"column":6}},"48":{"start":{"line":84,"column":6},"end":{"line":84,"column":33}},"49":{"start":{"line":85,"column":6},"end":{"line":87,"column":7}},"50":{"start":{"line":86,"column":8},"end":{"line":86,"column":28}},"51":{"start":{"line":88,"column":6},"end":{"line":90,"column":7}},"52":{"start":{"line":89,"column":8},"end":{"line":89,"column":30}},"53":{"start":{"line":91,"column":6},"end":{"line":91,"column":17}},"54":{"start":{"line":99,"column":6},"end":{"line":99,"column":21}},"55":{"start":{"line":100,"column":6},"end":{"line":100,"column":28}},"56":{"start":{"line":101,"column":6},"end":{"line":101,"column":17}},"57":{"start":{"line":103,"column":2},"end":{"line":103,"column":35}},"58":{"start":{"line":107,"column":0},"end":{"line":117,"column":2}}},"fnMap":{"0":{"name":"(anonymous_0)","decl":{"start":{"line":7,"column":23},"end":{"line":7,"column":24}},"loc":{"start":{"line":7,"column":37},"end":{"line":7,"column":62}},"line":7},"1":{"name":"(anonymous_1)","decl":{"start":{"line":10,"column":26},"end":{"line":10,"column":27}},"loc":{"start":{"line":10,"column":41},"end":{"line":10,"column":101}},"line":10},"2":{"name":"(anonymous_2)","decl":{"start":{"line":13,"column":15},"end":{"line":13,"column":16}},"loc":{"start":{"line":13,"column":29},"end":{"line":13,"column":59}},"line":13},"3":{"name":"(anonymous_3)","decl":{"start":{"line":16,"column":20},"end":{"line":16,"column":21}},"loc":{"start":{"line":16,"column":34},"end":{"line":16,"column":69}},"line":16},"4":{"name":"(anonymous_4)","decl":{"start":{"line":20,"column":23},"end":{"line":20,"column":24}},"loc":{"start":{"line":20,"column":37},"end":{"line":38,"column":1}},"line":20},"5":{"name":"(anonymous_5)","decl":{"start":{"line":30,"column":22},"end":{"line":30,"column":23}},"loc":{"start":{"line":30,"column":31},"end":{"line":35,"column":5}},"line":30},"6":{"name":"(anonymous_6)","decl":{"start":{"line":41,"column":13},"end":{"line":41,"column":14}},"loc":{"start":{"line":41,"column":28},"end":{"line":41,"column":60}},"line":41},"7":{"name":"(anonymous_7)","decl":{"start":{"line":45,"column":19},"end":{"line":45,"column":20}},"loc":{"start":{"line":45,"column":33},"end":{"line":53,"column":1}},"line":45},"8":{"name":"(anonymous_8)","decl":{"start":{"line":47,"column":19},"end":{"line":47,"column":20}},"loc":{"start":{"line":47,"column":32},"end":{"line":51,"column":3}},"line":47},"9":{"name":"(anonymous_9)","decl":{"start":{"line":57,"column":16},"end":{"line":57,"column":17}},"loc":{"start":{"line":57,"column":28},"end":{"line":76,"column":1}},"line":57},"10":{"name":"(anonymous_10)","decl":{"start":{"line":80,"column":22},"end":{"line":80,"column":23}},"loc":{"start":{"line":80,"column":34},"end":{"line":104,"column":1}},"line":80},"11":{"name":"(anonymous_11)","decl":{"start":{"line":82,"column":36},"end":{"line":82,"column":37}},"loc":{"start":{"line":82,"column":43},"end":{"line":102,"column":7}},"line":82},"12":{"name":"(anonymous_12)","decl":{"start":{"line":82,"column":55},"end":{"line":82,"column":56}},"loc":{"start":{"line":82,"column":68},"end":{"line":102,"column":6}},"line":82},"13":{"name":"(anonymous_13)","decl":{"start":{"line":83,"column":10},"end":{"line":83,"column":11}},"loc":{"start":{"line":83,"column":24},"end":{"line":92,"column":5}},"line":83},"14":{"name":"(anonymous_14)","decl":{"start":{"line":98,"column":11},"end":{"line":98,"column":12}},"loc":{"start":{"line":98,"column":17},"end":{"line":102,"column":5}},"line":98}},"branchMap":{"0":{"loc":{"start":{"line":10,"column":41},"end":{"line":10,"column":101}},"type":"cond-expr","locations":[{"start":{"line":10,"column":68},"end":{"line":10,"column":76}},{"start":{"line":10,"column":79},"end":{"line":10,"column":101}}],"line":10},"1":{"loc":{"start":{"line":23,"column":2},"end":{"line":36,"column":3}},"type":"if","locations":[{"start":{"line":23,"column":2},"end":{"line":36,"column":3}},{"start":{"line":23,"column":2},"end":{"line":36,"column":3}}],"line":23},"2":{"loc":{"start":{"line":33,"column":21},"end":{"line":33,"column":125}},"type":"cond-expr","locations":[{"start":{"line":33,"column":46},"end":{"line":33,"column":99}},{"start":{"line":33,"column":102},"end":{"line":33,"column":125}}],"line":33},"3":{"loc":{"start":{"line":48,"column":4},"end":{"line":50,"column":5}},"type":"if","locations":[{"start":{"line":48,"column":4},"end":{"line":50,"column":5}},{"start":{"line":48,"column":4},"end":{"line":50,"column":5}}],"line":48},"4":{"loc":{"start":{"line":65,"column":2},"end":{"line":74,"column":3}},"type":"if","locations":[{"start":{"line":65,"column":2},"end":{"line":74,"column":3}},{"start":{"line":65,"column":2},"end":{"line":74,"column":3}}],"line":65},"5":{"loc":{"start":{"line":85,"column":6},"end":{"line":87,"column":7}},"type":"if","locations":[{"start":{"line":85,"column":6},"end":{"line":87,"column":7}},{"start":{"line":85,"column":6},"end":{"line":87,"column":7}}],"line":85},"6":{"loc":{"start":{"line":85,"column":10},"end":{"line":85,"column":57}},"type":"binary-expr","locations":[{"start":{"line":85,"column":10},"end":{"line":85,"column":32}},{"start":{"line":85,"column":36},"end":{"line":85,"column":57}}],"line":85},"7":{"loc":{"start":{"line":88,"column":6},"end":{"line":90,"column":7}},"type":"if","locations":[{"start":{"line":88,"column":6},"end":{"line":90,"column":7}},{"start":{"line":88,"column":6},"end":{"line":90,"column":7}}],"line":88}},"s":{"0":1,"1":1,"2":1,"3":1,"4":4,"5":1,"6":2,"7":1,"8":2,"9":1,"10":10,"11":1,"12":3,"13":3,"14":1,"15":2,"16":2,"17":5,"18":5,"19":5,"20":3,"21":1,"22":2,"23":1,"24":1,"25":1,"26":3,"27":2,"28":1,"29":1,"30":4,"31":4,"32":4,"33":4,"34":4,"35":4,"36":4,"37":4,"38":2,"39":2,"40":6,"41":6,"42":4,"43":1,"44":2,"45":2,"46":3,"47":3,"48":2,"49":2,"50":1,"51":2,"52":1,"53":2,"54":1,"55":1,"56":1,"57":2,"58":1},"f":{"0":4,"1":2,"2":2,"3":10,"4":3,"5":5,"6":2,"7":1,"8":3,"9":4,"10":2,"11":3,"12":3,"13":2,"14":1},"b":{"0":[1,1],"1":[1,2],"2":[1,4],"3":[2,1],"4":[2,2],"5":[1,1],"6":[2,2],"7":[1,1]},"_coverageSchema":"1a1c01bbd47fc00a2c39e90264f33305004495a9","hash":"1e9d9a4fea58ed53d54729137c6a16fd539b4a62"}
}
