TN:
SF:src\index.js
FN:16,(anonymous_0)
FN:16,(anonymous_1)
FN:22,(anonymous_2)
FN:27,(anonymous_3)
FNF:4
FNH:4
FNDA:2,(anonymous_0)
FNDA:2,(anonymous_1)
FNDA:1,(anonymous_2)
FNDA:1,(anonymous_3)
DA:13,1
DA:16,2
DA:17,2
DA:18,2
DA:19,2
DA:21,2
DA:22,1
DA:23,1
DA:24,1
DA:27,1
DA:28,1
DA:29,1
DA:36,1
LF:13
LH:13
BRDA:21,0,0,1
BRDA:21,0,1,1
BRF:2
BRH:2
end_of_record
TN:
SF:src\stats.js
FN:2,(anonymous_0)
FN:4,(anonymous_1)
FN:10,(anonymous_2)
FN:13,(anonymous_3)
FN:14,(anonymous_4)
FNF:5
FNH:5
FNDA:1,(anonymous_0)
FNDA:3,(anonymous_1)
FNDA:1,(anonymous_2)
FNDA:3,(anonymous_3)
FNDA:3,(anonymous_4)
DA:2,1
DA:3,1
DA:4,3
DA:5,1
DA:10,1
DA:11,1
DA:13,3
DA:14,3
DA:15,1
DA:26,1
LF:10
LH:10
BRF:0
BRH:0
end_of_record
TN:
SF:src\utils.js
FN:7,(anonymous_0)
FN:10,(anonymous_1)
FN:13,(anonymous_2)
FN:16,(anonymous_3)
FN:19,(anonymous_4)
FN:29,(anonymous_5)
FN:40,(anonymous_6)
FN:44,(anonymous_7)
FN:46,(anonymous_8)
FN:55,(anonymous_9)
FN:78,(anonymous_10)
FN:80,(anonymous_11)
FN:80,(anonymous_12)
FN:81,(anonymous_13)
FN:96,(anonymous_14)
FNF:15
FNH:14
FNDA:6,(anonymous_0)
FNDA:4,(anonymous_1)
FNDA:2,(anonymous_2)
FNDA:12,(anonymous_3)
FNDA:5,(anonymous_4)
FNDA:5,(anonymous_5)
FNDA:2,(anonymous_6)
FNDA:3,(anonymous_7)
FNDA:5,(anonymous_8)
FNDA:5,(anonymous_9)
FNDA:2,(anonymous_10)
FNDA:6,(anonymous_11)
FNDA:6,(anonymous_12)
FNDA:6,(anonymous_13)
FNDA:0,(anonymous_14)
DA:2,2
DA:3,2
DA:4,2
DA:7,6
DA:10,4
DA:13,2
DA:16,12
DA:19,2
DA:20,5
DA:22,5
DA:24,3
DA:27,2
DA:29,2
DA:31,5
DA:32,5
DA:33,5
DA:36,5
DA:40,2
DA:44,2
DA:45,3
DA:46,3
DA:47,5
DA:48,4
DA:51,3
DA:55,2
DA:56,5
DA:57,5
DA:58,5
DA:59,5
DA:60,5
DA:61,5
DA:62,5
DA:63,5
DA:64,4
DA:65,12
DA:70,12
DA:73,5
DA:78,2
DA:79,2
DA:80,6
DA:82,6
DA:83,6
DA:84,2
DA:86,6
DA:87,4
DA:89,6
DA:97,0
DA:98,0
DA:99,0
DA:101,2
DA:105,2
LF:51
LH:48
BRDA:10,0,0,3
BRDA:10,0,1,1
BRDA:22,1,0,3
BRDA:22,1,1,2
BRDA:32,2,0,1
BRDA:32,2,1,4
BRDA:47,3,0,4
BRDA:47,3,1,1
BRDA:63,4,0,4
BRDA:63,4,1,1
BRDA:83,5,0,2
BRDA:83,5,1,4
BRDA:83,6,0,6
BRDA:83,6,1,6
BRDA:86,7,0,4
BRDA:86,7,1,2
BRF:16
BRH:16
end_of_record
