TN:
SF:src\utils.js
FN:7,(anonymous_0)
FN:10,(anonymous_1)
FN:13,(anonymous_2)
FN:16,(anonymous_3)
FN:20,(anonymous_4)
FN:30,(anonymous_5)
FN:41,(anonymous_6)
FN:45,(anonymous_7)
FN:47,(anonymous_8)
FN:57,(anonymous_9)
FN:80,(anonymous_10)
FN:82,(anonymous_11)
FN:82,(anonymous_12)
FN:83,(anonymous_13)
FN:98,(anonymous_14)
FNF:15
FNH:15
FNDA:4,(anonymous_0)
FNDA:2,(anonymous_1)
FNDA:2,(anonymous_2)
FNDA:10,(anonymous_3)
FNDA:3,(anonymous_4)
FNDA:5,(anonymous_5)
FNDA:2,(anonymous_6)
FNDA:1,(anonymous_7)
FNDA:3,(anonymous_8)
FNDA:4,(anonymous_9)
FNDA:2,(anonymous_10)
FNDA:3,(anonymous_11)
FNDA:3,(anonymous_12)
FNDA:2,(anonymous_13)
FNDA:1,(anonymous_14)
DA:2,1
DA:3,1
DA:4,1
DA:7,4
DA:10,2
DA:13,2
DA:16,10
DA:20,1
DA:21,3
DA:23,3
DA:25,1
DA:28,2
DA:30,2
DA:32,5
DA:33,5
DA:34,5
DA:37,3
DA:41,2
DA:45,1
DA:46,1
DA:47,1
DA:48,3
DA:49,2
DA:52,1
DA:57,1
DA:58,4
DA:59,4
DA:60,4
DA:61,4
DA:62,4
DA:63,4
DA:64,4
DA:65,4
DA:66,2
DA:67,6
DA:72,6
DA:75,4
DA:80,1
DA:81,2
DA:82,3
DA:84,2
DA:85,2
DA:86,1
DA:88,2
DA:89,1
DA:91,2
DA:99,1
DA:100,1
DA:101,1
DA:103,2
DA:107,1
LF:51
LH:51
BRDA:10,0,0,1
BRDA:10,0,1,1
BRDA:23,1,0,1
BRDA:23,1,1,2
BRDA:33,2,0,1
BRDA:33,2,1,4
BRDA:48,3,0,2
BRDA:48,3,1,1
BRDA:65,4,0,2
BRDA:65,4,1,2
BRDA:85,5,0,1
BRDA:85,5,1,1
BRDA:85,6,0,2
BRDA:85,6,1,2
BRDA:88,7,0,1
BRDA:88,7,1,1
BRF:16
BRH:16
end_of_record
